09-Sep-2021 02:54:34.319 INFO [main] org.apache.catalina.startup.VersionLoggerListener.log 서버 버전 이름:    Apache Tomcat/8.5.70
09-Sep-2021 02:54:34.330 INFO [main] org.apache.catalina.startup.VersionLoggerListener.log Server 빌드 시각:  Aug 9 2021 16:17:14 UTC
09-Sep-2021 02:54:34.331 INFO [main] org.apache.catalina.startup.VersionLoggerListener.log Server 버전 번호:  8.5.70.0
09-Sep-2021 02:54:34.331 INFO [main] org.apache.catalina.startup.VersionLoggerListener.log 운영체제 이름:     Windows 10
09-Sep-2021 02:54:34.332 INFO [main] org.apache.catalina.startup.VersionLoggerListener.log 운영체제 버전:     10.0
09-Sep-2021 02:54:34.333 INFO [main] org.apache.catalina.startup.VersionLoggerListener.log 아키텍처:          amd64
09-Sep-2021 02:54:34.334 INFO [main] org.apache.catalina.startup.VersionLoggerListener.log 자바 홈:           C:\Program Files\Java\jdk-11.0.9
09-Sep-2021 02:54:34.334 INFO [main] org.apache.catalina.startup.VersionLoggerListener.log JVM 버전:          11.0.9+7-LTS
09-Sep-2021 02:54:34.334 INFO [main] org.apache.catalina.startup.VersionLoggerListener.log JVM 벤더:          Oracle Corporation
09-Sep-2021 02:54:34.335 INFO [main] org.apache.catalina.startup.VersionLoggerListener.log CATALINA_BASE:     D:\프로그래밍_스터디\JSP\apache-tomcat-8.5.70
09-Sep-2021 02:54:34.335 INFO [main] org.apache.catalina.startup.VersionLoggerListener.log CATALINA_HOME:     D:\프로그래밍_스터디\JSP\apache-tomcat-8.5.70
09-Sep-2021 02:54:34.336 INFO [main] org.apache.catalina.startup.VersionLoggerListener.log 명령 행 아규먼트:  --add-opens=java.base/java.lang=ALL-UNNAMED
09-Sep-2021 02:54:34.337 INFO [main] org.apache.catalina.startup.VersionLoggerListener.log 명령 행 아규먼트:  --add-opens=java.base/java.io=ALL-UNNAMED
09-Sep-2021 02:54:34.337 INFO [main] org.apache.catalina.startup.VersionLoggerListener.log 명령 행 아규먼트:  --add-opens=java.base/java.util=ALL-UNNAMED
09-Sep-2021 02:54:34.337 INFO [main] org.apache.catalina.startup.VersionLoggerListener.log 명령 행 아규먼트:  --add-opens=java.base/java.util.concurrent=ALL-UNNAMED
09-Sep-2021 02:54:34.338 INFO [main] org.apache.catalina.startup.VersionLoggerListener.log 명령 행 아규먼트:  --add-opens=java.rmi/sun.rmi.transport=ALL-UNNAMED
09-Sep-2021 02:54:34.338 INFO [main] org.apache.catalina.startup.VersionLoggerListener.log 명령 행 아규먼트:  -Djava.util.logging.config.file=D:\프로그래밍_스터디\JSP\apache-tomcat-8.5.70\conf\logging.properties
09-Sep-2021 02:54:34.339 INFO [main] org.apache.catalina.startup.VersionLoggerListener.log 명령 행 아규먼트:  -Djava.util.logging.manager=org.apache.juli.ClassLoaderLogManager
09-Sep-2021 02:54:34.339 INFO [main] org.apache.catalina.startup.VersionLoggerListener.log 명령 행 아규먼트:  -Djdk.tls.ephemeralDHKeySize=2048
09-Sep-2021 02:54:34.340 INFO [main] org.apache.catalina.startup.VersionLoggerListener.log 명령 행 아규먼트:  -Djava.protocol.handler.pkgs=org.apache.catalina.webresources
09-Sep-2021 02:54:34.340 INFO [main] org.apache.catalina.startup.VersionLoggerListener.log 명령 행 아규먼트:  -Dignore.endorsed.dirs=
09-Sep-2021 02:54:34.341 INFO [main] org.apache.catalina.startup.VersionLoggerListener.log 명령 행 아규먼트:  -Dcatalina.base=D:\프로그래밍_스터디\JSP\apache-tomcat-8.5.70
09-Sep-2021 02:54:34.341 INFO [main] org.apache.catalina.startup.VersionLoggerListener.log 명령 행 아규먼트:  -Dcatalina.home=D:\프로그래밍_스터디\JSP\apache-tomcat-8.5.70
09-Sep-2021 02:54:34.341 INFO [main] org.apache.catalina.startup.VersionLoggerListener.log 명령 행 아규먼트:  -Djava.io.tmpdir=D:\프로그래밍_스터디\JSP\apache-tomcat-8.5.70\temp
09-Sep-2021 02:54:34.342 INFO [main] org.apache.catalina.core.AprLifecycleListener.lifecycleEvent APR 버전 [1.7.0]을(를) 사용한, APR 기반 Apache Tomcat Native 라이브러리 [1.2.30]을(를) 로드했습니다.
09-Sep-2021 02:54:34.344 INFO [main] org.apache.catalina.core.AprLifecycleListener.lifecycleEvent APR 용량정보들: IPv6 [true], sendfile [true], accept filters [false], random [true].
09-Sep-2021 02:54:34.345 INFO [main] org.apache.catalina.core.AprLifecycleListener.lifecycleEvent APR/OpenSSL 설정: useAprConnector [false], useOpenSSL [true]
09-Sep-2021 02:54:34.365 INFO [main] org.apache.catalina.core.AprLifecycleListener.initializeSSL OpenSSL이 성공적으로 초기화되었습니다: [OpenSSL 1.1.1k  25 Mar 2021]
09-Sep-2021 02:54:34.428 INFO [main] org.apache.coyote.AbstractProtocol.init 프로토콜 핸들러 ["http-nio-8080"]을(를) 초기화합니다.
09-Sep-2021 02:54:35.309 INFO [main] org.apache.tomcat.util.net.NioSelectorPool.getSharedSelector Using a shared selector for servlet write/read
09-Sep-2021 02:54:35.342 INFO [main] org.apache.catalina.startup.Catalina.load Initialization processed in 1764 ms
09-Sep-2021 02:54:35.612 INFO [main] org.apache.catalina.core.StandardService.startInternal 서비스 [Catalina]을(를) 시작합니다.
09-Sep-2021 02:54:35.617 INFO [main] org.apache.catalina.core.StandardEngine.startInternal 서버 엔진을 시작합니다: [Apache Tomcat/8.5.70]
09-Sep-2021 02:54:35.672 INFO [localhost-startStop-1] org.apache.catalina.startup.HostConfig.deployDirectory 웹 애플리케이션 디렉토리 [D:\프로그래밍_스터디\JSP\apache-tomcat-8.5.70\webapps\docs]을(를) 배치합니다.
09-Sep-2021 02:54:36.929 WARNING [localhost-startStop-1] org.apache.catalina.util.SessionIdGeneratorBase.createSecureRandom [SHA1PRNG] 알고리즘을 사용하여, 세션 ID를 생성하기 위한 SecureRandom 객체를 생성하는데, [602] 밀리초가 소요됐습니다.
09-Sep-2021 02:54:36.979 INFO [localhost-startStop-1] org.apache.catalina.startup.HostConfig.deployDirectory 웹 애플리케이션 디렉토리 [D:\프로그래밍_스터디\JSP\apache-tomcat-8.5.70\webapps\docs]에 대한 배치가 [1,307] 밀리초에 완료되었습니다.
09-Sep-2021 02:54:36.986 INFO [localhost-startStop-1] org.apache.catalina.startup.HostConfig.deployDirectory 웹 애플리케이션 디렉토리 [D:\프로그래밍_스터디\JSP\apache-tomcat-8.5.70\webapps\examples]을(를) 배치합니다.
09-Sep-2021 02:54:38.407 INFO [localhost-startStop-1] org.apache.catalina.startup.HostConfig.deployDirectory 웹 애플리케이션 디렉토리 [D:\프로그래밍_스터디\JSP\apache-tomcat-8.5.70\webapps\examples]에 대한 배치가 [1,421] 밀리초에 완료되었습니다.
09-Sep-2021 02:54:38.412 INFO [localhost-startStop-1] org.apache.catalina.startup.HostConfig.deployDirectory 웹 애플리케이션 디렉토리 [D:\프로그래밍_스터디\JSP\apache-tomcat-8.5.70\webapps\host-manager]을(를) 배치합니다.
09-Sep-2021 02:54:38.511 INFO [localhost-startStop-1] org.apache.catalina.startup.HostConfig.deployDirectory 웹 애플리케이션 디렉토리 [D:\프로그래밍_스터디\JSP\apache-tomcat-8.5.70\webapps\host-manager]에 대한 배치가 [98] 밀리초에 완료되었습니다.
09-Sep-2021 02:54:38.516 INFO [localhost-startStop-1] org.apache.catalina.startup.HostConfig.deployDirectory 웹 애플리케이션 디렉토리 [D:\프로그래밍_스터디\JSP\apache-tomcat-8.5.70\webapps\manager]을(를) 배치합니다.
09-Sep-2021 02:54:38.636 INFO [localhost-startStop-1] org.apache.catalina.startup.HostConfig.deployDirectory 웹 애플리케이션 디렉토리 [D:\프로그래밍_스터디\JSP\apache-tomcat-8.5.70\webapps\manager]에 대한 배치가 [120] 밀리초에 완료되었습니다.
09-Sep-2021 02:54:38.639 INFO [localhost-startStop-1] org.apache.catalina.startup.HostConfig.deployDirectory 웹 애플리케이션 디렉토리 [D:\프로그래밍_스터디\JSP\apache-tomcat-8.5.70\webapps\ROOT]을(를) 배치합니다.
09-Sep-2021 02:54:38.715 INFO [localhost-startStop-1] org.apache.catalina.startup.HostConfig.deployDirectory 웹 애플리케이션 디렉토리 [D:\프로그래밍_스터디\JSP\apache-tomcat-8.5.70\webapps\ROOT]에 대한 배치가 [76] 밀리초에 완료되었습니다.
09-Sep-2021 02:54:38.727 INFO [main] org.apache.coyote.AbstractProtocol.start 프로토콜 핸들러 ["http-nio-8080"]을(를) 시작합니다.
09-Sep-2021 02:54:38.755 INFO [main] org.apache.catalina.startup.Catalina.start Server startup in 3412 ms
09-Sep-2021 02:54:50.800 INFO [main] org.apache.catalina.startup.VersionLoggerListener.log 서버 버전 이름:    Apache Tomcat/8.5.70
09-Sep-2021 02:54:50.806 INFO [main] org.apache.catalina.startup.VersionLoggerListener.log Server 빌드 시각:  Aug 9 2021 16:17:14 UTC
09-Sep-2021 02:54:50.806 INFO [main] org.apache.catalina.startup.VersionLoggerListener.log Server 버전 번호:  8.5.70.0
09-Sep-2021 02:54:50.807 INFO [main] org.apache.catalina.startup.VersionLoggerListener.log 운영체제 이름:     Windows 10
09-Sep-2021 02:54:50.807 INFO [main] org.apache.catalina.startup.VersionLoggerListener.log 운영체제 버전:     10.0
09-Sep-2021 02:54:50.808 INFO [main] org.apache.catalina.startup.VersionLoggerListener.log 아키텍처:          amd64
09-Sep-2021 02:54:50.809 INFO [main] org.apache.catalina.startup.VersionLoggerListener.log 자바 홈:           C:\Program Files\Java\jdk-11.0.9
09-Sep-2021 02:54:50.809 INFO [main] org.apache.catalina.startup.VersionLoggerListener.log JVM 버전:          11.0.9+7-LTS
09-Sep-2021 02:54:50.809 INFO [main] org.apache.catalina.startup.VersionLoggerListener.log JVM 벤더:          Oracle Corporation
09-Sep-2021 02:54:50.810 INFO [main] org.apache.catalina.startup.VersionLoggerListener.log CATALINA_BASE:     D:\프로그래밍_스터디\JSP\apache-tomcat-8.5.70
09-Sep-2021 02:54:50.810 INFO [main] org.apache.catalina.startup.VersionLoggerListener.log CATALINA_HOME:     D:\프로그래밍_스터디\JSP\apache-tomcat-8.5.70
09-Sep-2021 02:54:50.813 INFO [main] org.apache.catalina.startup.VersionLoggerListener.log 명령 행 아규먼트:  --add-opens=java.base/java.lang=ALL-UNNAMED
09-Sep-2021 02:54:50.815 INFO [main] org.apache.catalina.startup.VersionLoggerListener.log 명령 행 아규먼트:  --add-opens=java.base/java.io=ALL-UNNAMED
09-Sep-2021 02:54:50.816 INFO [main] org.apache.catalina.startup.VersionLoggerListener.log 명령 행 아규먼트:  --add-opens=java.base/java.util=ALL-UNNAMED
09-Sep-2021 02:54:50.818 INFO [main] org.apache.catalina.startup.VersionLoggerListener.log 명령 행 아규먼트:  --add-opens=java.base/java.util.concurrent=ALL-UNNAMED
09-Sep-2021 02:54:50.820 INFO [main] org.apache.catalina.startup.VersionLoggerListener.log 명령 행 아규먼트:  --add-opens=java.rmi/sun.rmi.transport=ALL-UNNAMED
09-Sep-2021 02:54:50.826 INFO [main] org.apache.catalina.startup.VersionLoggerListener.log 명령 행 아규먼트:  -Djava.util.logging.config.file=D:\프로그래밍_스터디\JSP\apache-tomcat-8.5.70\conf\logging.properties
09-Sep-2021 02:54:50.828 INFO [main] org.apache.catalina.startup.VersionLoggerListener.log 명령 행 아규먼트:  -Djava.util.logging.manager=org.apache.juli.ClassLoaderLogManager
09-Sep-2021 02:54:50.832 INFO [main] org.apache.catalina.startup.VersionLoggerListener.log 명령 행 아규먼트:  -Djdk.tls.ephemeralDHKeySize=2048
09-Sep-2021 02:54:50.834 INFO [main] org.apache.catalina.startup.VersionLoggerListener.log 명령 행 아규먼트:  -Djava.protocol.handler.pkgs=org.apache.catalina.webresources
09-Sep-2021 02:54:50.835 INFO [main] org.apache.catalina.startup.VersionLoggerListener.log 명령 행 아규먼트:  -Dignore.endorsed.dirs=
09-Sep-2021 02:54:50.840 INFO [main] org.apache.catalina.startup.VersionLoggerListener.log 명령 행 아규먼트:  -Dcatalina.base=D:\프로그래밍_스터디\JSP\apache-tomcat-8.5.70
09-Sep-2021 02:54:50.842 INFO [main] org.apache.catalina.startup.VersionLoggerListener.log 명령 행 아규먼트:  -Dcatalina.home=D:\프로그래밍_스터디\JSP\apache-tomcat-8.5.70
09-Sep-2021 02:54:50.844 INFO [main] org.apache.catalina.startup.VersionLoggerListener.log 명령 행 아규먼트:  -Djava.io.tmpdir=D:\프로그래밍_스터디\JSP\apache-tomcat-8.5.70\temp
09-Sep-2021 02:54:50.847 INFO [main] org.apache.catalina.core.AprLifecycleListener.lifecycleEvent APR 버전 [1.7.0]을(를) 사용한, APR 기반 Apache Tomcat Native 라이브러리 [1.2.30]을(를) 로드했습니다.
09-Sep-2021 02:54:50.850 INFO [main] org.apache.catalina.core.AprLifecycleListener.lifecycleEvent APR 용량정보들: IPv6 [true], sendfile [true], accept filters [false], random [true].
09-Sep-2021 02:54:50.851 INFO [main] org.apache.catalina.core.AprLifecycleListener.lifecycleEvent APR/OpenSSL 설정: useAprConnector [false], useOpenSSL [true]
09-Sep-2021 02:54:50.868 INFO [main] org.apache.catalina.core.AprLifecycleListener.initializeSSL OpenSSL이 성공적으로 초기화되었습니다: [OpenSSL 1.1.1k  25 Mar 2021]
09-Sep-2021 02:54:50.944 INFO [main] org.apache.coyote.AbstractProtocol.init 프로토콜 핸들러 ["http-nio-8080"]을(를) 초기화합니다.
09-Sep-2021 02:54:51.643 INFO [main] org.apache.tomcat.util.net.NioSelectorPool.getSharedSelector Using a shared selector for servlet write/read
09-Sep-2021 02:54:51.657 INFO [main] org.apache.catalina.startup.Catalina.load Initialization processed in 1477 ms
09-Sep-2021 02:54:51.731 INFO [main] org.apache.catalina.core.StandardService.startInternal 서비스 [Catalina]을(를) 시작합니다.
09-Sep-2021 02:54:51.735 INFO [main] org.apache.catalina.core.StandardEngine.startInternal 서버 엔진을 시작합니다: [Apache Tomcat/8.5.70]
09-Sep-2021 02:54:51.757 INFO [localhost-startStop-1] org.apache.catalina.startup.HostConfig.deployDirectory 웹 애플리케이션 디렉토리 [D:\프로그래밍_스터디\JSP\apache-tomcat-8.5.70\webapps\docs]을(를) 배치합니다.
09-Sep-2021 02:54:52.663 WARNING [localhost-startStop-1] org.apache.catalina.util.SessionIdGeneratorBase.createSecureRandom [SHA1PRNG] 알고리즘을 사용하여, 세션 ID를 생성하기 위한 SecureRandom 객체를 생성하는데, [619] 밀리초가 소요됐습니다.
09-Sep-2021 02:54:52.710 INFO [localhost-startStop-1] org.apache.catalina.startup.HostConfig.deployDirectory 웹 애플리케이션 디렉토리 [D:\프로그래밍_스터디\JSP\apache-tomcat-8.5.70\webapps\docs]에 대한 배치가 [953] 밀리초에 완료되었습니다.
09-Sep-2021 02:54:52.716 INFO [localhost-startStop-1] org.apache.catalina.startup.HostConfig.deployDirectory 웹 애플리케이션 디렉토리 [D:\프로그래밍_스터디\JSP\apache-tomcat-8.5.70\webapps\examples]을(를) 배치합니다.
09-Sep-2021 02:54:53.306 INFO [localhost-startStop-1] org.apache.catalina.startup.HostConfig.deployDirectory 웹 애플리케이션 디렉토리 [D:\프로그래밍_스터디\JSP\apache-tomcat-8.5.70\webapps\examples]에 대한 배치가 [589] 밀리초에 완료되었습니다.
09-Sep-2021 02:54:53.309 INFO [localhost-startStop-1] org.apache.catalina.startup.HostConfig.deployDirectory 웹 애플리케이션 디렉토리 [D:\프로그래밍_스터디\JSP\apache-tomcat-8.5.70\webapps\host-manager]을(를) 배치합니다.
09-Sep-2021 02:54:53.355 INFO [localhost-startStop-1] org.apache.catalina.startup.HostConfig.deployDirectory 웹 애플리케이션 디렉토리 [D:\프로그래밍_스터디\JSP\apache-tomcat-8.5.70\webapps\host-manager]에 대한 배치가 [47] 밀리초에 완료되었습니다.
09-Sep-2021 02:54:53.358 INFO [localhost-startStop-1] org.apache.catalina.startup.HostConfig.deployDirectory 웹 애플리케이션 디렉토리 [D:\프로그래밍_스터디\JSP\apache-tomcat-8.5.70\webapps\manager]을(를) 배치합니다.
09-Sep-2021 02:54:53.404 INFO [localhost-startStop-1] org.apache.catalina.startup.HostConfig.deployDirectory 웹 애플리케이션 디렉토리 [D:\프로그래밍_스터디\JSP\apache-tomcat-8.5.70\webapps\manager]에 대한 배치가 [46] 밀리초에 완료되었습니다.
09-Sep-2021 02:54:53.408 INFO [localhost-startStop-1] org.apache.catalina.startup.HostConfig.deployDirectory 웹 애플리케이션 디렉토리 [D:\프로그래밍_스터디\JSP\apache-tomcat-8.5.70\webapps\ROOT]을(를) 배치합니다.
09-Sep-2021 02:54:53.447 INFO [localhost-startStop-1] org.apache.catalina.startup.HostConfig.deployDirectory 웹 애플리케이션 디렉토리 [D:\프로그래밍_스터디\JSP\apache-tomcat-8.5.70\webapps\ROOT]에 대한 배치가 [39] 밀리초에 완료되었습니다.
09-Sep-2021 02:54:53.458 INFO [main] org.apache.coyote.AbstractProtocol.start 프로토콜 핸들러 ["http-nio-8080"]을(를) 시작합니다.
09-Sep-2021 02:54:53.487 INFO [main] org.apache.catalina.startup.Catalina.start Server startup in 1829 ms
